#-----------------------------------------------------------
# Vivado v2017.4 (64-bit)
# SW Build 2086221 on Fri Dec 15 20:55:39 MST 2017
# IP Build 2085800 on Fri Dec 15 22:25:07 MST 2017
# Start of session at: Mon May 29 09:58:19 2023
# Process ID: 28528
# Current directory: C:/Users/ainse/Desktop/CPU_project_05290957
# Command line: vivado.exe -gui_launcher_event rodinguilauncherevent8888 C:\Users\ainse\Desktop\CPU_project_05290957\refer_proj2.2.xpr
# Log file: C:/Users/ainse/Desktop/CPU_project_05290957/vivado.log
# Journal file: C:/Users/ainse/Desktop/CPU_project_05290957\vivado.jou
#-----------------------------------------------------------
start_gui
open_project C:/Users/ainse/Desktop/CPU_project_05290957/refer_proj2.2.xpr
INFO: [Project 1-313] Project file moved from 'C:/Users/ainse/Desktop/onlydeleteuart_yes_0_05290439_final' since last save.
Scanning sources...
Finished scanning sources
INFO: [IP_Flow 19-234] Refreshing IP repositories
INFO: [IP_Flow 19-1700] Loaded user IP repository 'c:/Users/ainse/Desktop/CPU_project_05290957/refer_proj2.2.ip_user_files/SEU_CSE_507_user_uart_bmpg_1.3'.
INFO: [IP_Flow 19-2313] Loaded Vivado IP repository 'D:/Xilinx/Vivado/2017.4/data/ip'.
update_compile_order -fileset sources_1
export_ip_user_files -of_objects  [get_files C:/Users/ainse/Desktop/CPU_project_05290957/refer_proj2.2.srcs/sources_1/new/counter.v] -no_script -reset -force -quiet
remove_files  C:/Users/ainse/Desktop/CPU_project_05290957/refer_proj2.2.srcs/sources_1/new/counter.v
export_ip_user_files -of_objects  [get_files C:/Users/ainse/Desktop/CPU_project_05290957/refer_proj2.2.srcs/sources_1/ip/cpuclkDiv/cpuclkDiv.xci] -no_script -reset -force -quiet
remove_files  -fileset cpuclkDiv C:/Users/ainse/Desktop/CPU_project_05290957/refer_proj2.2.srcs/sources_1/ip/cpuclkDiv/cpuclkDiv.xci
INFO: [Project 1-386] Moving file 'C:/Users/ainse/Desktop/CPU_project_05290957/refer_proj2.2.srcs/sources_1/ip/cpuclkDiv/cpuclkDiv.xci' from fileset 'cpuclkDiv' to fileset 'sources_1'.
export_ip_user_files -of_objects  [get_files C:/Users/ainse/Desktop/CPU_project_05290957/refer_proj2.2.srcs/sources_1/new/debounceClkDiv.v] -no_script -reset -force -quiet
remove_files  C:/Users/ainse/Desktop/CPU_project_05290957/refer_proj2.2.srcs/sources_1/new/debounceClkDiv.v
reset_run synth_1
launch_runs impl_1 -to_step write_bitstream -jobs 8
INFO: [Vivado 12-4149] The synthesis checkpoint for IP 'C:/Users/ainse/Desktop/CPU_project_05290957/refer_proj2.2.srcs/sources_1/ip/programrom/programrom.xci' is already up-to-date
[Mon May 29 10:16:19 2023] Launched synth_1...
Run output will be captured here: C:/Users/ainse/Desktop/CPU_project_05290957/refer_proj2.2.runs/synth_1/runme.log
[Mon May 29 10:16:19 2023] Launched impl_1...
Run output will be captured here: C:/Users/ainse/Desktop/CPU_project_05290957/refer_proj2.2.runs/impl_1/runme.log
open_hw
connect_hw_server
INFO: [Labtools 27-2285] Connecting to hw_server url TCP:localhost:3121
INFO: [Labtools 27-2222] Launching hw_server...
INFO: [Labtools 27-2221] Launch Output:

****** Xilinx hw_server v2017.4
  **** Build date : Dec 15 2017-21:08:27
    ** Copyright 1986-2017 Xilinx, Inc. All Rights Reserved.


open_hw_target
INFO: [Labtoolstcl 44-466] Opening hw_target localhost:3121/xilinx_tcf/Xilinx/1234-tulA
set_property PROGRAM.FILE {C:/Users/ainse/Desktop/CPU_project_05290957/refer_proj2.2.runs/impl_1/cpu.bit} [get_hw_devices xc7a100t_0]
current_hw_device [get_hw_devices xc7a100t_0]
refresh_hw_device -update_hw_probes false [lindex [get_hw_devices xc7a100t_0] 0]
INFO: [Labtools 27-1435] Device xc7a100t (JTAG device index = 0) is not programmed (DONE status = 0).
set_property PROBES.FILE {} [get_hw_devices xc7a100t_0]
set_property FULL_PROBES.FILE {} [get_hw_devices xc7a100t_0]
set_property PROGRAM.FILE {C:/Users/ainse/Desktop/CPU_project_05290957/refer_proj2.2.runs/impl_1/cpu.bit} [get_hw_devices xc7a100t_0]
program_hw_devices [get_hw_devices xc7a100t_0]
INFO: [Labtools 27-3164] End of startup status: HIGH
refresh_hw_device [lindex [get_hw_devices xc7a100t_0] 0]
INFO: [Labtools 27-1434] Device xc7a100t (JTAG device index = 0) is programmed with a design that has no supported debug core(s) in it.
WARNING: [Labtools 27-3361] The debug hub core was not detected.
Resolution: 
1. Make sure the clock connected to the debug hub (dbg_hub) core is a free running clock and is active.
2. Make sure the BSCAN_SWITCH_USER_MASK device property in Vivado Hardware Manager reflects the user scan chain setting in the design and refresh the device.  To determine the user scan chain setting in the design, open the implemented design and use 'get_property C_USER_SCAN_CHAIN [get_debug_cores dbg_hub]'.
For more details on setting the scan chain property, consult the Vivado Debug and Programming User Guide (UG908).
close_hw
exit
INFO: [Common 17-206] Exiting Vivado at Mon May 29 10:22:34 2023...
